# JRE version: OpenJDK Runtime Environment (8.0_242-b01) (build 1.8.0_242-release-1644-b01)
# Java VM: OpenJDK 64-Bit Server VM (25.242-b01 mixed mode windows-amd64 compressed oops)
Heap:
 PSYoungGen      total 441344K, used 67538K [0x00000000d5580000, 0x00000000f3e00000, 0x0000000100000000)
  eden space 382464K, 13% used [0x00000000d5580000,0x00000000d8995f90,0x00000000ecb00000)
  from space 58880K, 24% used [0x00000000ecb00000,0x00000000ed8dea50,0x00000000f0480000)
  to   space 57856K, 0% used [0x00000000f0580000,0x00000000f0580000,0x00000000f3e00000)
 ParOldGen       total 201216K, used 99522K [0x0000000080000000, 0x000000008c480000, 0x00000000d5580000)
  object space 201216K, 49% used [0x0000000080000000,0x00000000861308f0,0x000000008c480000)
 Metaspace       used 107960K, capacity 113359K, committed 113484K, reserved 1148928K
  class space    used 13852K, capacity 14884K, committed 14964K, reserved 1048576K
GC Heap History (10 events):
Event: 9344.392 GC heap before
{Heap before GC invocations=30 (full 5):
 PSYoungGen      total 440320K, used 394009K [0x00000000d5580000, 0x00000000f3e00000, 0x0000000100000000)
  eden space 382464K, 100% used [0x00000000d5580000,0x00000000ecb00000,0x00000000ecb00000)
  from space 57856K, 19% used [0x00000000f0580000,0x00000000f10c67c8,0x00000000f3e00000)
  to   space 58880K, 0% used [0x00000000ecb00000,0x00000000ecb00000,0x00000000f0480000)
 ParOldGen       total 201216K, used 92510K [0x0000000080000000, 0x000000008c480000, 0x00000000d5580000)
  object space 201216K, 45% used [0x0000000080000000,0x0000000085a57b68,0x000000008c480000)
 Metaspace       used 107279K, capacity 112563K, committed 112972K, reserved 1146880K
  class space    used 13800K, capacity 14810K, committed 14964K, reserved 1048576K
Event: 9344.437 GC heap after
Heap after GC invocations=30 (full 5):
 PSYoungGen      total 441344K, used 13120K [0x00000000d5580000, 0x00000000f3e00000, 0x0000000100000000)
  eden space 382464K, 0% used [0x00000000d5580000,0x00000000d5580000,0x00000000ecb00000)
  from space 58880K, 22% used [0x00000000ecb00000,0x00000000ed7d0040,0x00000000f0480000)
  to   space 57856K, 0% used [0x00000000f0580000,0x00000000f0580000,0x00000000f3e00000)
 ParOldGen       total 201216K, used 92510K [0x0000000080000000, 0x000000008c480000, 0x00000000d5580000)
  object space 201216K, 45% used [0x0000000080000000,0x0000000085a57b68,0x000000008c480000)
 Metaspace       used 107279K, capacity 112563K, committed 112972K, reserved 1146880K
  class space    used 13800K, capacity 14810K, committed 14964K, reserved 1048576K
}
Event: 9347.389 GC heap before
{Heap before GC invocations=31 (full 5):
 PSYoungGen      total 441344K, used 395584K [0x00000000d5580000, 0x00000000f3e00000, 0x0000000100000000)
  eden space 382464K, 100% used [0x00000000d5580000,0x00000000ecb00000,0x00000000ecb00000)
  from space 58880K, 22% used [0x00000000ecb00000,0x00000000ed7d0040,0x00000000f0480000)
  to   space 57856K, 0% used [0x00000000f0580000,0x00000000f0580000,0x00000000f3e00000)
 ParOldGen       total 201216K, used 92510K [0x0000000080000000, 0x000000008c480000, 0x00000000d5580000)
  object space 201216K, 45% used [0x0000000080000000,0x0000000085a57b68,0x000000008c480000)
 Metaspace       used 107324K, capacity 112635K, committed 112972K, reserved 1146880K
  class space    used 13800K, capacity 14810K, committed 14964K, reserved 1048576K
Event: 9347.425 GC heap after
Heap after GC invocations=31 (full 5):
 PSYoungGen      total 440320K, used 15666K [0x00000000d5580000, 0x00000000f3e00000, 0x0000000100000000)
  eden space 382464K, 0% used [0x00000000d5580000,0x00000000d5580000,0x00000000ecb00000)
  from space 57856K, 27% used [0x00000000f0580000,0x00000000f14cc8f0,0x00000000f3e00000)
  to   space 58880K, 0% used [0x00000000ecb00000,0x00000000ecb00000,0x00000000f0480000)
 ParOldGen       total 201216K, used 92518K [0x0000000080000000, 0x000000008c480000, 0x00000000d5580000)
  object space 201216K, 45% used [0x0000000080000000,0x0000000085a59b68,0x000000008c480000)
 Metaspace       used 107324K, capacity 112635K, committed 112972K, reserved 1146880K
  class space    used 13800K, capacity 14810K, committed 14964K, reserved 1048576K
}
Event: 9349.374 GC heap before
{Heap before GC invocations=32 (full 5):
 PSYoungGen      total 440320K, used 398130K [0x00000000d5580000, 0x00000000f3e00000, 0x0000000100000000)
  eden space 382464K, 100% used [0x00000000d5580000,0x00000000ecb00000,0x00000000ecb00000)
  from space 57856K, 27% used [0x00000000f0580000,0x00000000f14cc8f0,0x00000000f3e00000)
  to   space 58880K, 0% used [0x00000000ecb00000,0x00000000ecb00000,0x00000000f0480000)
 ParOldGen       total 201216K, used 92518K [0x0000000080000000, 0x000000008c480000, 0x00000000d5580000)
  object space 201216K, 45% used [0x0000000080000000,0x0000000085a59b68,0x000000008c480000)
 Metaspace       used 107566K, capacity 112891K, committed 113228K, reserved 1146880K
  class space    used 13818K, capacity 14846K, committed 14964K, reserved 1048576K
Event: 9349.439 GC heap after
Heap after GC invocations=32 (full 5):
 PSYoungGen      total 441344K, used 17264K [0x00000000d5580000, 0x00000000f3e00000, 0x0000000100000000)
  eden space 382464K, 0% used [0x00000000d5580000,0x00000000d5580000,0x00000000ecb00000)
  from space 58880K, 29% used [0x00000000ecb00000,0x00000000edbdc050,0x00000000f0480000)
  to   space 57856K, 0% used [0x00000000f0580000,0x00000000f0580000,0x00000000f3e00000)
 ParOldGen       total 201216K, used 92526K [0x0000000080000000, 0x000000008c480000, 0x00000000d5580000)
  object space 201216K, 45% used [0x0000000080000000,0x0000000085a5bb68,0x000000008c480000)
 Metaspace       used 107566K, capacity 112891K, committed 113228K, reserved 1146880K
  class space    used 13818K, capacity 14846K, committed 14964K, reserved 1048576K
}
Event: 9352.415 GC heap before
{Heap before GC invocations=33 (full 5):
 PSYoungGen      total 441344K, used 399728K [0x00000000d5580000, 0x00000000f3e00000, 0x0000000100000000)
  eden space 382464K, 100% used [0x00000000d5580000,0x00000000ecb00000,0x00000000ecb00000)
  from space 58880K, 29% used [0x00000000ecb00000,0x00000000edbdc050,0x00000000f0480000)
  to   space 57856K, 0% used [0x00000000f0580000,0x00000000f0580000,0x00000000f3e00000)
 ParOldGen       total 201216K, used 92526K [0x0000000080000000, 0x000000008c480000, 0x00000000d5580000)
  object space 201216K, 45% used [0x0000000080000000,0x0000000085a5bb68,0x000000008c480000)
 Metaspace       used 107837K, capacity 113133K, committed 113228K, reserved 1146880K
  class space    used 13840K, capacity 14869K, committed 14964K, reserved 1048576K
Event: 9352.460 GC heap after
Heap after GC invocations=33 (full 5):
 PSYoungGen      total 440320K, used 15936K [0x00000000d5580000, 0x00000000f3e00000, 0x0000000100000000)
  eden space 382464K, 0% used [0x00000000d5580000,0x00000000d5580000,0x00000000ecb00000)
  from space 57856K, 27% used [0x00000000f0580000,0x00000000f1510328,0x00000000f3e00000)
  to   space 58880K, 0% used [0x00000000ecb00000,0x00000000ecb00000,0x00000000f0480000)
 ParOldGen       total 201216K, used 97554K [0x0000000080000000, 0x000000008c480000, 0x00000000d5580000)
  object space 201216K, 48% used [0x0000000080000000,0x0000000085f448f0,0x000000008c480000)
 Metaspace       used 107837K, capacity 113133K, committed 113228K, reserved 1146880K
  class space    used 13840K, capacity 14869K, committed 14964K, reserved 1048576K
}
Event: 9355.899 GC heap before
{Heap before GC invocations=34 (full 5):
 PSYoungGen      total 440320K, used 398400K [0x00000000d5580000, 0x00000000f3e00000, 0x0000000100000000)
  eden space 382464K, 100% used [0x00000000d5580000,0x00000000ecb00000,0x00000000ecb00000)
  from space 57856K, 27% used [0x00000000f0580000,0x00000000f1510328,0x00000000f3e00000)
  to   space 58880K, 0% used [0x00000000ecb00000,0x00000000ecb00000,0x00000000f0480000)
 ParOldGen       total 201216K, used 97554K [0x0000000080000000, 0x000000008c480000, 0x00000000d5580000)
  object space 201216K, 48% used [0x0000000080000000,0x0000000085f448f0,0x000000008c480000)
 Metaspace       used 107958K, capacity 113359K, committed 113484K, reserved 1148928K
  class space    used 13852K, capacity 14884K, committed 14964K, reserved 1048576K
Event: 9355.976 GC heap after
Heap after GC invocations=34 (full 5):
 PSYoungGen      total 441344K, used 14202K [0x00000000d5580000, 0x00000000f3e00000, 0x0000000100000000)
  eden space 382464K, 0% used [0x00000000d5580000,0x00000000d5580000,0x00000000ecb00000)
  from space 58880K, 24% used [0x00000000ecb00000,0x00000000ed8dea50,0x00000000f0480000)
  to   space 57856K, 0% used [0x00000000f0580000,0x00000000f0580000,0x00000000f3e00000)
 ParOldGen       total 201216K, used 99522K [0x0000000080000000, 0x000000008c480000, 0x00000000d5580000)
  object space 201216K, 49% used [0x0000000080000000,0x00000000861308f0,0x000000008c480000)
 Metaspace       used 107958K, capacity 113359K, committed 113484K, reserved 1148928K
  class space    used 13852K, capacity 14884K, committed 14964K, reserved 1048576K
}

